Sencha Cmd 6.6.0.22 - Crash report
================================================
An error occurred while executing the following command: ant watch

Diagnostic information:
=======================
                      app.bootstrap.base : C:\Apache24\htdocs\U12\ext-js-with-react-concept\ext-react
                        app.cache.deltas : deltas                                            
                        app.cache.enable : false                                             
                          app.compressor : null                                              
                          app.config.dir : C:\Apache24\htdocs\U12\ext-js-with-react-concept\node_modules\@sencha\ext-react-webpack-plugin\node_modules\@sencha\cmd\dist\ant\build\app
                app.cordova.cache.enable : false                                             
                   app.cordova.config.id : com.domain.${app.name}                            
                 app.cordova.config.name : ${app.name}                                       
                 app.cordova.config.path : C:\Apache24\htdocs\U12\ext-js-with-react-concept\ext-react/cordova
               app.cordova.config.target :                                                   
              app.cordova.config.verbose : false                                             
                   app.cordova.js.0.path : cordova.js                                        
               app.cordova.js.0.priority : 1000                                              
                 app.cordova.js.0.remote : true                                              
                   app.cordova.js.length : 1                                                 
                 app.cordova.microloader : C:\Apache24\htdocs\U12\ext-js-with-react-concept\node_modules\@sencha\ext-react-webpack-plugin\node_modules\@sencha\cmd\dist\ant\build\app/Microloader.js
      app.cordova.output.appCache.enable : false                                             
                 app.cordova.output.base : C:\Apache24\htdocs\U12\ext-js-with-react-concept\ext-react/cordova/www
             app.cordova.output.manifest : ${build.id}.json                                  
                 app.cordova.output.page : index.html                                        
                                 app.dir : C:\Apache24\htdocs\U12\ext-js-with-react-concept\ext-react
              app.fashion.inliner.enable : false                                             
                           app.framework : ext                                               
                       app.indexHtmlPath : index.html                                        
              app.output.appCache.enable : false                                             
                         app.output.base : .                                                 
           app.output.microloader.enable : true                                              
               app.output.resources.path : ./resources                                       
             app.output.resources.shared : ./resources                                       
                           app.overrides : jsdom-environment.js                              
                         app.overrides.0 : jsdom-environment.js                              
                    app.overrides.length : 1                                                 
                        app.packages.dir : C:\Apache24\htdocs\U12\ext-js-with-react-concept\node_modules\@sencha
                      app.packages.dir.0 : C:\Apache24\htdocs\U12\ext-js-with-react-concept\node_modules\@sencha
                 app.packages.dir.length : 1                                                 
               app.phonegap.cache.enable : false                                             
                  app.phonegap.config.id : com.domain.${app.name}                            
                app.phonegap.config.name : ${app.name}                                       
                app.phonegap.config.path : C:\Apache24\htdocs\U12\ext-js-with-react-concept\ext-react/phonegap
              app.phonegap.config.remote : false                                             
             app.phonegap.config.verbose : false                                             
                  app.phonegap.js.0.path : cordova.js                                        
              app.phonegap.js.0.priority : 1000                                              
                app.phonegap.js.0.remote : true                                              
                  app.phonegap.js.length : 1                                                 
                app.phonegap.microloader : C:\Apache24\htdocs\U12\ext-js-with-react-concept\node_modules\@sencha\ext-react-webpack-plugin\node_modules\@sencha\cmd\dist\ant\build\app/Microloader.js
     app.phonegap.output.appCache.enable : false                                             
                app.phonegap.output.base : C:\Apache24\htdocs\U12\ext-js-with-react-concept\ext-react/phonegap/www
            app.phonegap.output.manifest : ${build.id}.json                                  
                app.phonegap.output.page : index.html                                        
             app.production.cache.enable : true                                              
          app.production.compressor.type : cmd                                               
                        app.sass.dynamic : true                                              
                        app.sass.fashion : true                                              
                 app.slicer.cache.enable : false                                             
        app.slicer.js.0.isWidgetManifest : true                                              
                    app.slicer.js.0.path : C:\Apache24\htdocs\U12\ext-js-with-react-concept\ext-react/sass/example/custom.js
                    app.slicer.js.length : 1                                                 
       app.slicer.output.appCache.enable : false                                             
                               app.theme : theme-material                                    
                             app.toolkit : modern                                            
                    buildenvironment.dir : C:\Apache24\htdocs\U12\ext-js-with-react-concept\ext-react
               buildenvironment.load.dir : C:\Apache24\htdocs\U12\ext-js-with-react-concept\ext-react
                          cmd.config.dir : C:\Apache24\htdocs\U12\ext-js-with-react-concept\node_modules\@sencha\ext-react-webpack-plugin\node_modules\@sencha\cmd\dist
                                 cmd.dir : C:\Apache24\htdocs\U12\ext-js-with-react-concept\node_modules\@sencha\ext-react-webpack-plugin\node_modules\@sencha\cmd\dist
                    cmd.framework.minver : 5.5.0                                             
                   cmd.framework.version : 99.99                                             
              cmd.merge.tool.args.araxis : -wait -merge -3 -a1 {base} {user} {generated} {out}
              cmd.merge.tool.args.kdiff3 : {base} {user} {generated} -o {out}                
             cmd.merge.tool.args.p4merge : {base} {user} {generated} {out}                   
           cmd.merge.tool.args.smartsync : {user} {generated} {base}                         
          cmd.merge.tool.args.sourcegear : --merge --result={out} {user} {base} {generated}  
            cmd.merge.tool.args.tortoise : -base:{base} -theirs:{generated} -mine:{user} -merged:{out}
                              cmd.minver : 3.0.0.0                                           
                            cmd.platform : windows                                           
                     cmd.unicode.escapes : C:\Apache24\htdocs\U12\ext-js-with-react-concept\node_modules\@sencha\ext-react-webpack-plugin\node_modules\@sencha\cmd\dist/unicode-escapes.json
                             cmd.version : 6.6.0.22                                          
                            cmd.web.port : 1841                                              
                     config.skipDownload : true                                              
                      config.skipInherit : false                                             
                        ext.license.name : commercial                                        
                     framework.classpath : ${package.dir}/src                                
                    framework.cmd.minver : 6.6.0                                             
                   framework.cmd.version : 6.7.0                                             
                 framework.compatVersion : 6.5.0                                             
                    framework.config.dir : C:\Apache24\htdocs\U12\ext-js-with-react-concept\node_modules\@sencha\ext-react-webpack-plugin\node_modules\@sencha\cmd\dist\plugins\ext\current
                       framework.creator : Sencha                                            
           framework.detailedDescription : Sencha Ext JS JavaScript Framework                
                           framework.dir : C:\Apache24\htdocs\U12\ext-js-with-react-concept\node_modules\@sencha\ext
                       framework.extTier : pro                                               
                        framework.format : 1                                                 
                          framework.isV5 : true                                              
                          framework.isV6 : true                                              
                         framework.isV62 : true                                              
                         framework.isV65 : true                                              
     framework.language.js.input.version : ES5                                               
                         framework.local : true                                              
                          framework.name : ext                                               
                     framework.namespace : Ext                                               
                        framework.output : ${package.dir}/build                              
                     framework.overrides : ${package.dir}/overrides                          
                  framework.packages.dir : C:\Apache24\htdocs\U12\ext-js-with-react-concept\node_modules\@sencha\ext/../ext-modern*,C:\Apache24\htdocs\U12\ext-js-with-react-concept\node_modules\@sencha\ext/../ext-core,C:\Apache24\htdocs\U12\ext-js-with-react-concept\node_modules\@sencha\ext/../ext-font-awesome,C:\Apache24\htdocs\U12\ext-js-with-react-concept\node_modules\@sencha\ext/../ext-font-ext
                framework.resource.paths : resources                                         
              framework.resource.paths.0 : resources                                         
         framework.resource.paths.length : 1                                                 
                      framework.sass.etc : ${package.dir}/sass/etc/all.scss                  
                  framework.sass.fashion : true                                              
                framework.sass.namespace : Ext                                               
                      framework.sass.src : ${package.dir}/sass/src                           
                      framework.sass.var : ${package.dir}/sass/var                           
                       framework.summary : Ext JS                                            
                          framework.type : framework                                         
                       framework.version : 6.7.0.210                                         
                       inspector.address : http://localhost:1839/                            
                    package.sass.dynamic : true                                              
                          repo.local.dir : C:\Apache24\htdocs\U12\ext-js-with-react-concept\node_modules\@sencha\ext-react-webpack-plugin\node_modules\@sencha\cmd\repo
                       shared.sencha.dir : true                                              
        system.java.net.useSystemProxies : true                                              
                              theme.name : theme-material                                    
                            toolkit.name : modern                                            
                    workspace.config.dir : C:\Apache24\htdocs\U12\ext-js-with-react-concept\node_modules\@sencha\ext-react-webpack-plugin\node_modules\@sencha\cmd\dist\ant\build\workspace
                           workspace.dir : C:\Apache24\htdocs\U12\ext-js-with-react-concept\ext-react
           workspace.frameworks.ext.path : C:\Apache24\htdocs\U12\ext-js-with-react-concept\ext-react\..\node_modules\@sencha\ext
                  workspace.packages.dir : C:\Apache24\htdocs\U12\ext-js-with-react-concept\ext-react/packages/local,C:\Apache24\htdocs\U12\ext-js-with-react-concept\ext-react/packages,C:\Apache24\htdocs\U12\ext-js-with-react-concept\node_modules\@sencha
              workspace.packages.extract : C:\Apache24\htdocs\U12\ext-js-with-react-concept\ext-react/packages/remote

Exception information:
=======================
C:\Apache24\htdocs\U12\ext-js-with-react-concept\ext-react\build.xml:27: com.sencha.exceptions.ExBuild: Failed to find any files for C:\Apache24\htdocs\U12\ext-js-with-react-concept\node_modules\@sencha\ext-modern\src\Component.js::ClassRequire::Ext.scroll.Scroller
     at com.sencha.ant.AntScript.execute(AntScript.java:121)
     at com.sencha.ant.AntScript.execute(AntScript.java:129)
     at com.sencha.command.ant.AntCommand.execute(AntCommand.java:120)
     at sun.reflect.NativeMethodAccessorImpl.invoke0(Native Method)
     at sun.reflect.NativeMethodAccessorImpl.invoke(Unknown Source)
     at sun.reflect.DelegatingMethodAccessorImpl.invoke(Unknown Source)
     at java.lang.reflect.Method.invoke(Unknown Source)
     at com.sencha.util.MethodInvoker$Arguments.invoke(MethodInvoker.java:175)
     at com.sencha.cli.Command.dispatch(Command.java:43)
     at com.sencha.cli.Commands.dispatch(Commands.java:64)
     at com.sencha.command.Sencha.dispatch(Sencha.java:80)
     at com.sencha.command.Sencha.main(Sencha.java:147)
   Caused by: com.sencha.exceptions.ExBuild: Failed to find any files for C:\Apache24\htdocs\U12\ext-js-with-react-concept\node_modules\@sencha\ext-modern\src\Component.js::ClassRequire::Ext.scroll.Scroller
     at org.apache.tools.ant.dispatch.DispatchUtils.execute(DispatchUtils.java:116)
     at org.apache.tools.ant.Task.perform(Task.java:348)
     at org.apache.tools.ant.Target.execute(Target.java:392)
     at org.apache.tools.ant.Target.performTasks(Target.java:413)
     at org.apache.tools.ant.Project.executeSortedTargets(Project.java:1399)
     at org.apache.tools.ant.Project.executeTarget(Project.java:1368)
     at org.apache.tools.ant.helper.DefaultExecutor.executeTargets(DefaultExecutor.java:41)
     at org.apache.tools.ant.Project.executeTargets(Project.java:1251)
     at com.sencha.ant.AntScript.execute(AntScript.java:117)
     at com.sencha.ant.AntScript.execute(AntScript.java:129)
     at com.sencha.command.ant.AntCommand.execute(AntCommand.java:120)
     at sun.reflect.NativeMethodAccessorImpl.invoke0(Native Method)
     at sun.reflect.NativeMethodAccessorImpl.invoke(Unknown Source)
     at sun.reflect.DelegatingMethodAccessorImpl.invoke(Unknown Source)
     at java.lang.reflect.Method.invoke(Unknown Source)
     at com.sencha.util.MethodInvoker$Arguments.invoke(MethodInvoker.java:175)
     at com.sencha.cli.Command.dispatch(Command.java:43)
     at com.sencha.cli.Commands.dispatch(Commands.java:64)
     at com.sencha.command.Sencha.dispatch(Sencha.java:80)
     at com.sencha.command.Sencha.main(Sencha.java:147)
   Caused by: Failed to find any files for C:\Apache24\htdocs\U12\ext-js-with-react-concept\node_modules\@sencha\ext-modern\src\Component.js::ClassRequire::Ext.scroll.Scroller
     at com.sencha.tools.compiler.sources.SymbolCache.resolveDependencies(SymbolCache.java:714)
     at com.sencha.tools.compiler.sources.SymbolCache.resolveDependencies(SymbolCache.java:653)
     at com.sencha.tools.compiler.sources.SymbolCache.resolveDependencies(SymbolCache.java:648)
     at com.sencha.tools.compiler.sources.SymbolCache.processSymbols(SymbolCache.java:383)
     at com.sencha.tools.compiler.sources.ClassPathScope.getScopeSymbols(ClassPathScope.java:417)
     at com.sencha.tools.compiler.sources.ClassPathScope.getScopeSymbols(ClassPathScope.java:408)
     at com.sencha.tools.compiler.sources.ClassPathScope.getScopeSymbols(ClassPathScope.java:408)
     at com.sencha.tools.compiler.sources.ClassPathScope.getScopeSymbols(ClassPathScope.java:408)
     at com.sencha.tools.compiler.sources.ClassPathScope.getScopeSymbols(ClassPathScope.java:408)
     at com.sencha.tools.compiler.sources.ClassPathScope.getScopeSymbols(ClassPathScope.java:408)
     at com.sencha.tools.compiler.sources.ClassPathScope.getScopeSymbols(ClassPathScope.java:408)
     at com.sencha.tools.compiler.sources.ClassPathScope.getScopeSymbols(ClassPathScope.java:408)
     at com.sencha.tools.compiler.sources.ClassPathScope.getScopeSymbols(ClassPathScope.java:408)
     at com.sencha.tools.compiler.sources.ClassPathScope.getScopeSymbols(ClassPathScope.java:408)
     at com.sencha.tools.compiler.sources.ClassPathScope.getScopeSymbols(ClassPathScope.java:408)
     at com.sencha.tools.compiler.sources.ClassPathScope.getScopeSymbols(ClassPathScope.java:408)
     at com.sencha.tools.compiler.sources.ClassPathScope.getScopeSymbols(ClassPathScope.java:408)
     at com.sencha.tools.compiler.sources.ClassPathScope.getScopeSymbols(ClassPathScope.java:408)
     at com.sencha.tools.compiler.sources.ClassPathScope.getScopeSymbols(ClassPathScope.java:408)
     at com.sencha.tools.compiler.sources.ClassPathScope.getScopeSymbols(ClassPathScope.java:408)
     at com.sencha.tools.compiler.sources.TransitiveEnabler.enableTransitiveDependencies(TransitiveEnabler.java:48)
     at com.sencha.tools.compiler.sources.ClassPathScope.processTransitiveDependencies(ClassPathScope.java:589)
     at com.sencha.tools.compiler.sources.ClassPathScope.enableTransitiveDependencies(ClassPathScope.java:600)
     at com.sencha.tools.compiler.sources.ClassPathScope.enableTransitiveDependencies(ClassPathScope.java:604)
     at com.sencha.tools.page.AppJsonBuilder.load(AppJsonBuilder.java:224)
     at com.sencha.command.compile.app.LoadAppCommand.execute(LoadAppCommand.java:60)
     at sun.reflect.NativeMethodAccessorImpl.invoke0(Native Method)
     at sun.reflect.NativeMethodAccessorImpl.invoke(Unknown Source)
     at sun.reflect.DelegatingMethodAccessorImpl.invoke(Unknown Source)
     at java.lang.reflect.Method.invoke(Unknown Source)
     at com.sencha.util.MethodInvoker$Arguments.invoke(MethodInvoker.java:175)
     at com.sencha.cli.Command.dispatch(Command.java:43)
     at com.sencha.cli.Commands.dispatch(Commands.java:64)
     at com.sencha.command.compile.CompileCommands.dispatch(CompileCommands.java:332)
     at com.sencha.cli.AbstractCommand.dispatch(AbstractCommand.java:124)
     at com.sencha.ant.CompileTask$CompileToken.initialize(CompileTask.java:156)
     at com.sencha.ant.CompileTask$CompileToken.dispatchCommand(CompileTask.java:163)
     at com.sencha.ant.CompileTask.doExecute(CompileTask.java:123)
     at com.sencha.ant.BaseAntTask.execute(BaseAntTask.java:34)
     at com.sencha.ant.CompileTask.execute(CompileTask.java:36)
     at org.apache.tools.ant.UnknownElement.execute(UnknownElement.java:291)
     at sun.reflect.NativeMethodAccessorImpl.invoke0(Native Method)
     at sun.reflect.NativeMethodAccessorImpl.invoke(Unknown Source)
     at sun.reflect.DelegatingMethodAccessorImpl.invoke(Unknown Source)
     at java.lang.reflect.Method.invoke(Unknown Source)
     at org.apache.tools.ant.dispatch.DispatchUtils.execute(DispatchUtils.java:106)
     at org.apache.tools.ant.Task.perform(Task.java:348)
     at org.apache.tools.ant.Target.execute(Target.java:392)
     at org.apache.tools.ant.Target.performTasks(Target.java:413)
     at org.apache.tools.ant.Project.executeSortedTargets(Project.java:1399)
     at org.apache.tools.ant.Project.executeTarget(Project.java:1368)
     at org.apache.tools.ant.helper.DefaultExecutor.executeTargets(DefaultExecutor.java:41)
     at org.apache.tools.ant.Project.executeTargets(Project.java:1251)
     at com.sencha.ant.AntScript.execute(AntScript.java:117)
     at com.sencha.ant.AntScript.execute(AntScript.java:129)
     at com.sencha.command.ant.AntCommand.execute(AntCommand.java:120)
     at sun.reflect.NativeMethodAccessorImpl.invoke0(Native Method)
     at sun.reflect.NativeMethodAccessorImpl.invoke(Unknown Source)
     at sun.reflect.DelegatingMethodAccessorImpl.invoke(Unknown Source)
     at java.lang.reflect.Method.invoke(Unknown Source)
     at com.sencha.util.MethodInvoker$Arguments.invoke(MethodInvoker.java:175)
     at com.sencha.cli.Command.dispatch(Command.java:43)
     at com.sencha.cli.Commands.dispatch(Commands.java:64)
     at com.sencha.command.Sencha.dispatch(Sencha.java:80)
     at com.sencha.command.Sencha.main(Sencha.java:147)

